<?xml version="1.0" encoding="UTF-8"?>
<!-- Generated by org.testng.reporters.JUnitReportReporter -->
<testsuite skipped="0" hostname="DESKTOP-RNIIRNI" name="TestOrangeHRM.FunctionalTesting" tests="3" failures="0" timestamp="18 Jul 2021 18:52:33 GMT" time="12.655" errors="0">
  <testcase name="LogIn" time="4.188" classname="TestOrangeHRM.FunctionalTesting"/>
  <testcase name="LogOut" time="1.326" classname="TestOrangeHRM.FunctionalTesting"/>
  <testcase name="UserOnHomePage" time="7.141" classname="TestOrangeHRM.FunctionalTesting"/>
</testsuite> <!-- TestOrangeHRM.FunctionalTesting -->
